<?xml version="1.0" encoding="UTF-8"?>
<!-- Generated by org.testng.reporters.JUnitReportReporter -->
<testsuite hostname="UDAYSINH" failures="0" tests="1" name="FunctionalityTesting.TC_1" time="9.860" errors="0" timestamp="2024-11-29T11:32:22 IST" skipped="0">
  <testcase classname="FunctionalityTesting.TC_1" name="calender_page" time="9.860"/>
</testsuite> <!-- FunctionalityTesting.TC_1 -->
