<?xml version="1.0" encoding="UTF-8"?>
<!-- Generated by org.testng.reporters.JUnitReportReporter -->
<testsuite hostname="UDAYSINH" failures="0" tests="1" name="FunctionalityTesting.TC_2" time="12.522" errors="0" timestamp="2024-11-29T12:59:06 IST" skipped="0">
  <testcase classname="FunctionalityTesting.TC_2" name="calender_day_tap" time="12.522"/>
</testsuite> <!-- FunctionalityTesting.TC_2 -->
