<?xml version="1.0" encoding="UTF-8"?>
<!-- Generated by org.testng.reporters.JUnitReportReporter -->
<testsuite hostname="UDAYSINH" failures="0" tests="1" name="FunctionalityTesting.CreateOrganization" time="19.042" errors="0" timestamp="2024-12-03T18:15:36 IST" skipped="0">
  <testcase classname="FunctionalityTesting.CreateOrganization" name="demo" time="19.042"/>
</testsuite> <!-- FunctionalityTesting.CreateOrganization -->
